android/DrHeartbeatMonitor2/app/build/intermediates/manifest_merge_blame_file/debug/manifest-merger-blame-debug-report.txt
1<?xml version="1.0" encoding="utf-8"?>
2<manifest xmlns:android="http://schemas.android.com/apk/res/android"
3    package="com.example.drheartbeatmonitor"
4    android:versionCode="1"
5    android:versionName="1.0" >
6
7    <uses-sdk
8        android:minSdkVersion="28"
8-->src\main\AndroidManifest.xml
9        android:targetSdkVersion="30" />
9-->src\main\AndroidManifest.xml
10
11    <uses-permission android:name="android.permission.BLUETOOTH" />
11-->src\main\AndroidManifest.xml:6:5-68
11-->src\main\AndroidManifest.xml:6:22-65
12    <uses-permission android:name="android.permission.BLUETOOTH_ADMIN" />
12-->src\main\AndroidManifest.xml:7:5-74
12-->src\main\AndroidManifest.xml:7:22-71
13    <uses-permission android:name="android.permission.INTERNET" />
13-->src\main\AndroidManifest.xml:8:5-67
13-->src\main\AndroidManifest.xml:8:22-64
14    <uses-permission android:name="android.permission.ACCESS_NETWORK_STATE" />
14-->[com.google.firebase:firebase-config:20.0.2] AndroidManifest.xml:25:5-79
14-->[com.google.firebase:firebase-config:20.0.2] AndroidManifest.xml:25:22-76
15
16    <application
16-->src\main\AndroidManifest.xml:10:5-44:19
17        android:allowBackup="true"
17-->src\main\AndroidManifest.xml:11:9-35
18        android:appComponentFactory="androidx.core.app.CoreComponentFactory"
18-->[androidx.core:core:1.3.1] AndroidManifest.xml:24:18-86
19        android:debuggable="true"
20        android:extractNativeLibs="false"
21        android:icon="@drawable/logo3"
21-->src\main\AndroidManifest.xml:12:9-39
22        android:label="@string/app_name"
22-->src\main\AndroidManifest.xml:15:9-41
23        android:roundIcon="@mipmap/ic_launcher"
23-->src\main\AndroidManifest.xml:13:9-48
24        android:supportsRtl="true"
24-->src\main\AndroidManifest.xml:14:9-35
25        android:testOnly="true"
26        android:theme="@style/Theme.DrHeartbeatMonitor" >
26-->src\main\AndroidManifest.xml:16:9-56
27        <activity android:name="com.example.drheartbeatmonitor.ProfileD" />
27-->src\main\AndroidManifest.xml:18:9-45
27-->src\main\AndroidManifest.xml:18:19-43
28        <activity android:name="com.example.drheartbeatmonitor.AddDoctor" />
28-->src\main\AndroidManifest.xml:19:9-47
28-->src\main\AndroidManifest.xml:19:19-44
29        <activity android:name="com.example.drheartbeatmonitor.RemovePatient" />
29-->src\main\AndroidManifest.xml:20:9-51
29-->src\main\AndroidManifest.xml:20:19-48
30        <activity android:name="com.example.drheartbeatmonitor.AddPatient" />
30-->src\main\AndroidManifest.xml:21:9-48
30-->src\main\AndroidManifest.xml:21:19-45
31        <activity android:name="com.example.drheartbeatmonitor.ContactDoctor" />
31-->src\main\AndroidManifest.xml:22:9-51
31-->src\main\AndroidManifest.xml:22:19-48
32        <activity android:name="com.example.drheartbeatmonitor.ViewPatientData" />
32-->src\main\AndroidManifest.xml:23:9-53
32-->src\main\AndroidManifest.xml:23:19-50
33        <activity android:name="com.example.drheartbeatmonitor.Doctor" />
33-->src\main\AndroidManifest.xml:24:9-44
33-->src\main\AndroidManifest.xml:24:19-41
34        <activity android:name="com.example.drheartbeatmonitor.register_doctor" />
34-->src\main\AndroidManifest.xml:25:9-53
34-->src\main\AndroidManifest.xml:25:19-50
35        <activity android:name="com.example.drheartbeatmonitor.register_as" />
35-->src\main\AndroidManifest.xml:26:9-49
35-->src\main\AndroidManifest.xml:26:19-46
36        <activity android:name="com.example.drheartbeatmonitor.ChangePassword2" />
36-->src\main\AndroidManifest.xml:27:9-53
36-->src\main\AndroidManifest.xml:27:19-50
37        <activity android:name="com.example.drheartbeatmonitor.ChangePassword1" />
37-->src\main\AndroidManifest.xml:28:9-53
37-->src\main\AndroidManifest.xml:28:19-50
38        <activity android:name="com.example.drheartbeatmonitor.ChangePassword" />
38-->src\main\AndroidManifest.xml:29:9-52
38-->src\main\AndroidManifest.xml:29:19-49
39        <activity android:name="com.example.drheartbeatmonitor.EditUserInformation" />
39-->src\main\AndroidManifest.xml:30:9-57
39-->src\main\AndroidManifest.xml:30:19-54
40        <activity android:name="com.example.drheartbeatmonitor.MonitorBPM" />
40-->src\main\AndroidManifest.xml:31:9-48
40-->src\main\AndroidManifest.xml:31:19-45
41        <activity android:name="com.example.drheartbeatmonitor.Contact" />
41-->src\main\AndroidManifest.xml:32:9-45
41-->src\main\AndroidManifest.xml:32:19-42
42        <activity android:name="com.example.drheartbeatmonitor.Profile" />
42-->src\main\AndroidManifest.xml:33:9-45
42-->src\main\AndroidManifest.xml:33:19-42
43        <activity android:name="com.example.drheartbeatmonitor.Patient" />
43-->src\main\AndroidManifest.xml:34:9-45
43-->src\main\AndroidManifest.xml:34:19-42
44        <activity android:name="com.example.drheartbeatmonitor.admin" />
44-->src\main\AndroidManifest.xml:35:9-43
44-->src\main\AndroidManifest.xml:35:19-40
45        <activity android:name="com.example.drheartbeatmonitor.Register" />
45-->src\main\AndroidManifest.xml:36:9-46
45-->src\main\AndroidManifest.xml:36:19-43
46        <activity android:name="com.example.drheartbeatmonitor.LogIn" >
46-->src\main\AndroidManifest.xml:37:9-43:20
46-->src\main\AndroidManifest.xml:37:19-40
47            <intent-filter>
47-->src\main\AndroidManifest.xml:38:13-42:29
48                <action android:name="android.intent.action.MAIN" />
48-->src\main\AndroidManifest.xml:39:17-69
48-->src\main\AndroidManifest.xml:39:25-66
49
50                <category android:name="android.intent.category.LAUNCHER" />
50-->src\main\AndroidManifest.xml:41:17-77
50-->src\main\AndroidManifest.xml:41:27-74
51            </intent-filter>
52        </activity>
53
54        <service
54-->[com.google.firebase:firebase-config:20.0.2] AndroidManifest.xml:29:9-35:19
55            android:name="com.google.firebase.components.ComponentDiscoveryService"
55-->[com.google.firebase:firebase-config:20.0.2] AndroidManifest.xml:30:13-84
56            android:directBootAware="true"
56-->[com.google.firebase:firebase-common:19.5.0] AndroidManifest.xml:35:13-43
57            android:exported="false" >
57-->[com.google.firebase:firebase-config:20.0.2] AndroidManifest.xml:31:13-37
58            <meta-data
58-->[com.google.firebase:firebase-config:20.0.2] AndroidManifest.xml:32:13-34:85
59                android:name="com.google.firebase.components:com.google.firebase.remoteconfig.RemoteConfigRegistrar"
59-->[com.google.firebase:firebase-config:20.0.2] AndroidManifest.xml:33:17-117
60                android:value="com.google.firebase.components.ComponentRegistrar" />
60-->[com.google.firebase:firebase-config:20.0.2] AndroidManifest.xml:34:17-82
61            <meta-data
61-->[com.google.firebase:firebase-auth:20.0.1] AndroidManifest.xml:77:13-79:85
62                android:name="com.google.firebase.components:com.google.firebase.auth.FirebaseAuthRegistrar"
62-->[com.google.firebase:firebase-auth:20.0.1] AndroidManifest.xml:78:17-109
63                android:value="com.google.firebase.components.ComponentRegistrar" />
63-->[com.google.firebase:firebase-auth:20.0.1] AndroidManifest.xml:79:17-82
64            <meta-data
64-->[com.google.firebase:firebase-firestore:22.0.1] AndroidManifest.xml:20:13-22:85
65                android:name="com.google.firebase.components:com.google.firebase.firestore.FirestoreRegistrar"
65-->[com.google.firebase:firebase-firestore:22.0.1] AndroidManifest.xml:21:17-111
66                android:value="com.google.firebase.components.ComponentRegistrar" />
66-->[com.google.firebase:firebase-firestore:22.0.1] AndroidManifest.xml:22:17-82
67            <meta-data
67-->[com.google.firebase:firebase-database:19.6.0] AndroidManifest.xml:32:13-34:85
68                android:name="com.google.firebase.components:com.google.firebase.database.DatabaseRegistrar"
68-->[com.google.firebase:firebase-database:19.6.0] AndroidManifest.xml:33:17-109
69                android:value="com.google.firebase.components.ComponentRegistrar" />
69-->[com.google.firebase:firebase-database:19.6.0] AndroidManifest.xml:34:17-82
70            <meta-data
70-->[com.google.firebase:firebase-installations:16.3.4] AndroidManifest.xml:18:13-20:85
71                android:name="com.google.firebase.components:com.google.firebase.installations.FirebaseInstallationsRegistrar"
71-->[com.google.firebase:firebase-installations:16.3.4] AndroidManifest.xml:19:17-127
72                android:value="com.google.firebase.components.ComponentRegistrar" />
72-->[com.google.firebase:firebase-installations:16.3.4] AndroidManifest.xml:20:17-82
73            <meta-data
73-->[com.google.firebase:firebase-abt:20.0.0] AndroidManifest.xml:13:13-15:85
74                android:name="com.google.firebase.components:com.google.firebase.abt.component.AbtRegistrar"
74-->[com.google.firebase:firebase-abt:20.0.0] AndroidManifest.xml:14:17-109
75                android:value="com.google.firebase.components.ComponentRegistrar" />
75-->[com.google.firebase:firebase-abt:20.0.0] AndroidManifest.xml:15:17-82
76            <!--
77                This registrar is not defined in the dynamic-module-support sdk itself to allow non-firebase
78                clients to use it as well, by defining this registrar in their own core/common library.
79            -->
80            <meta-data
80-->[com.google.firebase:firebase-common:19.5.0] AndroidManifest.xml:43:13-45:85
81                android:name="com.google.firebase.components:com.google.firebase.dynamicloading.DynamicLoadingRegistrar"
81-->[com.google.firebase:firebase-common:19.5.0] AndroidManifest.xml:44:17-121
82                android:value="com.google.firebase.components.ComponentRegistrar" />
82-->[com.google.firebase:firebase-common:19.5.0] AndroidManifest.xml:45:17-82
83        </service>
84
85        <activity
85-->[com.google.firebase:firebase-auth:20.0.1] AndroidManifest.xml:27:9-44:20
86            android:name="com.google.firebase.auth.internal.GenericIdpActivity"
86-->[com.google.firebase:firebase-auth:20.0.1] AndroidManifest.xml:28:13-80
87            android:excludeFromRecents="true"
87-->[com.google.firebase:firebase-auth:20.0.1] AndroidManifest.xml:29:13-46
88            android:exported="true"
88-->[com.google.firebase:firebase-auth:20.0.1] AndroidManifest.xml:30:13-36
89            android:launchMode="singleTask"
89-->[com.google.firebase:firebase-auth:20.0.1] AndroidManifest.xml:31:13-44
90            android:theme="@android:style/Theme.Translucent.NoTitleBar" >
90-->[com.google.firebase:firebase-auth:20.0.1] AndroidManifest.xml:32:13-72
91            <intent-filter>
91-->[com.google.firebase:firebase-auth:20.0.1] AndroidManifest.xml:33:13-43:29
92                <action android:name="android.intent.action.VIEW" />
92-->[com.google.firebase:firebase-auth:20.0.1] AndroidManifest.xml:34:17-69
92-->[com.google.firebase:firebase-auth:20.0.1] AndroidManifest.xml:34:25-66
93
94                <category android:name="android.intent.category.DEFAULT" />
94-->[com.google.firebase:firebase-auth:20.0.1] AndroidManifest.xml:36:17-76
94-->[com.google.firebase:firebase-auth:20.0.1] AndroidManifest.xml:36:27-73
95                <category android:name="android.intent.category.BROWSABLE" />
95-->[com.google.firebase:firebase-auth:20.0.1] AndroidManifest.xml:37:17-78
95-->[com.google.firebase:firebase-auth:20.0.1] AndroidManifest.xml:37:27-75
96
97                <data
97-->[com.google.firebase:firebase-auth:20.0.1] AndroidManifest.xml:39:17-42:51
98                    android:host="firebase.auth"
98-->[com.google.firebase:firebase-auth:20.0.1] AndroidManifest.xml:40:21-49
99                    android:path="/"
99-->[com.google.firebase:firebase-auth:20.0.1] AndroidManifest.xml:41:21-37
100                    android:scheme="genericidp" />
100-->[com.google.firebase:firebase-auth:20.0.1] AndroidManifest.xml:42:21-48
101            </intent-filter>
102        </activity>
103        <activity
103-->[com.google.firebase:firebase-auth:20.0.1] AndroidManifest.xml:45:9-62:20
104            android:name="com.google.firebase.auth.internal.RecaptchaActivity"
104-->[com.google.firebase:firebase-auth:20.0.1] AndroidManifest.xml:46:13-79
105            android:excludeFromRecents="true"
105-->[com.google.firebase:firebase-auth:20.0.1] AndroidManifest.xml:47:13-46
106            android:exported="true"
106-->[com.google.firebase:firebase-auth:20.0.1] AndroidManifest.xml:48:13-36
107            android:launchMode="singleTask"
107-->[com.google.firebase:firebase-auth:20.0.1] AndroidManifest.xml:49:13-44
108            android:theme="@android:style/Theme.Translucent.NoTitleBar" >
108-->[com.google.firebase:firebase-auth:20.0.1] AndroidManifest.xml:50:13-72
109            <intent-filter>
109-->[com.google.firebase:firebase-auth:20.0.1] AndroidManifest.xml:51:13-61:29
110                <action android:name="android.intent.action.VIEW" />
110-->[com.google.firebase:firebase-auth:20.0.1] AndroidManifest.xml:34:17-69
110-->[com.google.firebase:firebase-auth:20.0.1] AndroidManifest.xml:34:25-66
111
112                <category android:name="android.intent.category.DEFAULT" />
112-->[com.google.firebase:firebase-auth:20.0.1] AndroidManifest.xml:36:17-76
112-->[com.google.firebase:firebase-auth:20.0.1] AndroidManifest.xml:36:27-73
113                <category android:name="android.intent.category.BROWSABLE" />
113-->[com.google.firebase:firebase-auth:20.0.1] AndroidManifest.xml:37:17-78
113-->[com.google.firebase:firebase-auth:20.0.1] AndroidManifest.xml:37:27-75
114
115                <data
115-->[com.google.firebase:firebase-auth:20.0.1] AndroidManifest.xml:39:17-42:51
116                    android:host="firebase.auth"
116-->[com.google.firebase:firebase-auth:20.0.1] AndroidManifest.xml:40:21-49
117                    android:path="/"
117-->[com.google.firebase:firebase-auth:20.0.1] AndroidManifest.xml:41:21-37
118                    android:scheme="recaptcha" />
118-->[com.google.firebase:firebase-auth:20.0.1] AndroidManifest.xml:42:21-48
119            </intent-filter>
120        </activity>
121
122        <service
122-->[com.google.firebase:firebase-auth:20.0.1] AndroidManifest.xml:64:9-73:19
123            android:name="com.google.firebase.auth.api.fallback.service.FirebaseAuthFallbackService"
123-->[com.google.firebase:firebase-auth:20.0.1] AndroidManifest.xml:65:13-101
124            android:enabled="true"
124-->[com.google.firebase:firebase-auth:20.0.1] AndroidManifest.xml:66:13-35
125            android:exported="false" >
125-->[com.google.firebase:firebase-auth:20.0.1] AndroidManifest.xml:67:13-37
126            <intent-filter>
126-->[com.google.firebase:firebase-auth:20.0.1] AndroidManifest.xml:68:13-72:29
127                <action android:name="com.google.firebase.auth.api.gms.service.START" />
127-->[com.google.firebase:firebase-auth:20.0.1] AndroidManifest.xml:69:17-89
127-->[com.google.firebase:firebase-auth:20.0.1] AndroidManifest.xml:69:25-86
128
129                <category android:name="android.intent.category.DEFAULT" />
129-->[com.google.firebase:firebase-auth:20.0.1] AndroidManifest.xml:36:17-76
129-->[com.google.firebase:firebase-auth:20.0.1] AndroidManifest.xml:36:27-73
130            </intent-filter>
131        </service>
132
133        <activity
133-->[com.google.android.gms:play-services-base:17.1.0] AndroidManifest.xml:23:9-26:75
134            android:name="com.google.android.gms.common.api.GoogleApiActivity"
134-->[com.google.android.gms:play-services-base:17.1.0] AndroidManifest.xml:24:13-79
135            android:exported="false"
135-->[com.google.android.gms:play-services-base:17.1.0] AndroidManifest.xml:25:13-37
136            android:theme="@android:style/Theme.Translucent.NoTitleBar" />
136-->[com.google.android.gms:play-services-base:17.1.0] AndroidManifest.xml:26:13-72
137
138        <provider
138-->[com.google.firebase:firebase-common:19.5.0] AndroidManifest.xml:26:9-31:39
139            android:name="com.google.firebase.provider.FirebaseInitProvider"
139-->[com.google.firebase:firebase-common:19.5.0] AndroidManifest.xml:27:13-77
140            android:authorities="com.example.drheartbeatmonitor.firebaseinitprovider"
140-->[com.google.firebase:firebase-common:19.5.0] AndroidManifest.xml:28:13-72
141            android:directBootAware="true"
141-->[com.google.firebase:firebase-common:19.5.0] AndroidManifest.xml:29:13-43
142            android:exported="false"
142-->[com.google.firebase:firebase-common:19.5.0] AndroidManifest.xml:30:13-37
143            android:initOrder="100" />
143-->[com.google.firebase:firebase-common:19.5.0] AndroidManifest.xml:31:13-36
144
145        <meta-data
145-->[com.google.android.gms:play-services-basement:17.2.1] AndroidManifest.xml:23:9-25:69
146            android:name="com.google.android.gms.version"
146-->[com.google.android.gms:play-services-basement:17.2.1] AndroidManifest.xml:24:13-58
147            android:value="@integer/google_play_services_version" />
147-->[com.google.android.gms:play-services-basement:17.2.1] AndroidManifest.xml:25:13-66
148    </application>
149
150</manifest>